09:40:08.700 INFO  NativeLibraryLoader - Loading libgkl_compression.so from jar:file:/home/usuario/Documents/tools/gatk-4.5.0.0/gatk-package-4.5.0.0-local.jar!/com/intel/gkl/native/libgkl_compression.so
09:40:12.704 INFO  VariantsToTable - ------------------------------------------------------------
09:40:12.733 INFO  VariantsToTable - The Genome Analysis Toolkit (GATK) v4.5.0.0
09:40:12.733 INFO  VariantsToTable - For support and documentation go to https://software.broadinstitute.org/gatk/
09:40:12.734 INFO  VariantsToTable - Executing as usuario@bioinfo-2 on Linux v5.15.0-101-generic amd64
09:40:12.735 INFO  VariantsToTable - Java runtime: OpenJDK 64-Bit Server VM v17.0.10+7-Ubuntu-120.04.1
09:40:12.735 INFO  VariantsToTable - Start Date/Time: April 8, 2024 at 9:40:08 AM ART
09:40:12.735 INFO  VariantsToTable - ------------------------------------------------------------
09:40:12.735 INFO  VariantsToTable - ------------------------------------------------------------
09:40:12.736 INFO  VariantsToTable - HTSJDK Version: 4.1.0
09:40:12.736 INFO  VariantsToTable - Picard Version: 3.1.1
09:40:12.736 INFO  VariantsToTable - Built for Spark Version: 3.5.0
09:40:12.737 INFO  VariantsToTable - HTSJDK Defaults.COMPRESSION_LEVEL : 2
09:40:12.737 INFO  VariantsToTable - HTSJDK Defaults.USE_ASYNC_IO_READ_FOR_SAMTOOLS : false
09:40:12.737 INFO  VariantsToTable - HTSJDK Defaults.USE_ASYNC_IO_WRITE_FOR_SAMTOOLS : true
09:40:12.737 INFO  VariantsToTable - HTSJDK Defaults.USE_ASYNC_IO_WRITE_FOR_TRIBBLE : false
09:40:12.737 INFO  VariantsToTable - Deflater: IntelDeflater
09:40:12.737 INFO  VariantsToTable - Inflater: IntelInflater
09:40:12.738 INFO  VariantsToTable - GCS max retries/reopens: 20
09:40:12.738 INFO  VariantsToTable - Requester pays: disabled
09:40:12.738 INFO  VariantsToTable - Initializing engine
09:40:12.871 INFO  FeatureManager - Using codec VCFCodec to read file file:///home/usuario/Documents/ProyectoFinalBioinformatica/archivos/HG00405_degvcf_intervar.vcf
09:40:13.043 INFO  VariantsToTable - Done initializing engine
09:40:13.046 WARN  VariantsToTable - Allele-specific fields will only be split if splitting multi-allelic variants is specified (`--split-multi-allelic` or `-SMA`
09:40:13.047 INFO  ProgressMeter - Starting traversal
09:40:13.047 INFO  ProgressMeter -        Current Locus  Elapsed Minutes    Variants Processed  Variants/Minute
09:40:13.071 INFO  ProgressMeter -             unmapped              0.0                    45         117391.3
09:40:13.071 INFO  ProgressMeter - Traversal complete. Processed 45 total variants in 0.0 minutes.
09:40:13.071 INFO  VariantsToTable - Shutting down engine
[April 8, 2024 at 9:40:13 AM ART] org.broadinstitute.hellbender.tools.walkers.variantutils.VariantsToTable done. Elapsed time: 0.08 minutes.
Runtime.totalMemory()=285212672
